<?xml version="1.0" encoding="UTF-8"?>
<testng-results ignored="0" total="1" passed="1" failed="0" skipped="0">
  <reporter-output>
  </reporter-output>
  <suite started-at="2022-12-01T17:42:52 IST" name="Default suite" finished-at="2022-12-01T17:43:46 IST" duration-ms="54191">
    <groups>
    </groups>
    <test started-at="2022-12-01T17:42:52 IST" name="Default test" finished-at="2022-12-01T17:43:46 IST" duration-ms="54191">
      <class name="BookMyShow.BookTicket">
        <test-method is-config="true" signature="bsConfig()[pri:0, instance:BookMyShow.BookTicket@20ccf40b]" started-at="2022-12-01T17:42:52 IST" name="bsConfig" finished-at="2022-12-01T17:42:52 IST" duration-ms="10" status="PASS">
          <reporter-output>
          </reporter-output>
        </test-method> <!-- bsConfig -->
        <test-method is-config="true" signature="btConfig()[pri:0, instance:BookMyShow.BookTicket@20ccf40b]" started-at="2022-12-01T17:42:52 IST" name="btConfig" finished-at="2022-12-01T17:42:52 IST" duration-ms="497" status="PASS">
          <reporter-output>
          </reporter-output>
        </test-method> <!-- btConfig -->
        <test-method is-config="true" signature="bcConfig()[pri:0, instance:BookMyShow.BookTicket@20ccf40b]" started-at="2022-12-01T17:42:52 IST" name="bcConfig" finished-at="2022-12-01T17:42:55 IST" duration-ms="2816" status="PASS">
          <reporter-output>
          </reporter-output>
        </test-method> <!-- bcConfig -->
        <test-method signature="bookTicket()[pri:0, instance:BookMyShow.BookTicket@20ccf40b]" started-at="2022-12-01T17:42:55 IST" name="bookTicket" finished-at="2022-12-01T17:43:45 IST" duration-ms="50189" status="PASS">
          <reporter-output>
          </reporter-output>
        </test-method> <!-- bookTicket -->
        <test-method is-config="true" signature="acConfig()[pri:0, instance:BookMyShow.BookTicket@20ccf40b]" started-at="2022-12-01T17:43:45 IST" name="acConfig" finished-at="2022-12-01T17:43:45 IST" duration-ms="1" status="PASS">
          <reporter-output>
          </reporter-output>
        </test-method> <!-- acConfig -->
        <test-method is-config="true" signature="atConfig()[pri:0, instance:BookMyShow.BookTicket@20ccf40b]" started-at="2022-12-01T17:43:45 IST" name="atConfig" finished-at="2022-12-01T17:43:46 IST" duration-ms="640" status="PASS">
          <reporter-output>
          </reporter-output>
        </test-method> <!-- atConfig -->
        <test-method is-config="true" signature="asConfig()[pri:0, instance:BookMyShow.BookTicket@20ccf40b]" started-at="2022-12-01T17:43:46 IST" name="asConfig" finished-at="2022-12-01T17:43:46 IST" duration-ms="0" status="PASS">
          <reporter-output>
          </reporter-output>
        </test-method> <!-- asConfig -->
      </class> <!-- BookMyShow.BookTicket -->
    </test> <!-- Default test -->
  </suite> <!-- Default suite -->
</testng-results>
